#
# There is insufficient memory for the Java Runtime Environment to continue.
# Native memory allocation (mmap) failed to map 125829120 bytes for G1 virtual space
# Possible reasons:
#   The system is out of physical RAM or swap space
#   The process is running with CompressedOops enabled, and the Java Heap may be blocking the growth of the native heap
# Possible solutions:
#   Reduce memory load on the system
#   Increase physical memory or swap space
#   Check if swap backing store is full
#   Decrease Java heap size (-Xmx/-Xms)
#   Decrease number of Java threads
#   Decrease Java thread stack sizes (-Xss)
#   Set larger code cache with -XX:ReservedCodeCacheSize=
#   JVM is running with Unscaled Compressed Oops mode in which the Java heap is
#     placed in the first 4GB address space. The Java Heap base address is the
#     maximum limit for the native heap growth. Please use -XX:HeapBaseMinAddress
#     to set the Java Heap base and to place the Java Heap above 4GB virtual address.
# This output file may be truncated or incomplete.
#
#  Out of Memory Error (os_windows.cpp:3532), pid=16660, tid=22352
#
# JRE version:  (17.0.2+8) (build )
# Java VM: OpenJDK 64-Bit Server VM (17.0.2+8, mixed mode, sharing, tiered, compressed oops, compressed class ptrs, g1 gc, windows-amd64)
# No core dump will be written. Minidumps are not enabled by default on client versions of Windows
#

---------------  S U M M A R Y ------------

Command Line: -Dfile.encoding=Cp1252 -XX:+ShowCodeDetailsInExceptionMessages com.cg.placement.client.Client

Host: AMD Ryzen 5 4600H with Radeon Graphics         , 12 cores, 7G,  Windows 11 , 64 bit Build 22000 (10.0.22000.675)
Time: Mon May 23 18:10:58 2022 India Standard Time elapsed time: 0.010709 seconds (0d 0h 0m 0s)

---------------  T H R E A D  ---------------

Current thread (0x000001fcbca5afe0):  JavaThread "Unknown thread" [_thread_in_vm, id=22352, stack(0x0000007646600000,0x0000007646700000)]

Stack: [0x0000007646600000,0x0000007646700000]
Native frames: (J=compiled Java code, j=interpreted, Vv=VM code, C=native code)
V  [jvm.dll+0x67564a]
V  [jvm.dll+0x82fc04]
V  [jvm.dll+0x8313ae]
V  [jvm.dll+0x831a13]
V  [jvm.dll+0x245235]
V  [jvm.dll+0x672539]
V  [jvm.dll+0x666e82]
V  [jvm.dll+0x30401b]
V  [jvm.dll+0x30b566]
V  [jvm.dll+0x35b1fe]
V  [jvm.dll+0x35b42f]
V  [jvm.dll+0x2daf58]
V  [jvm.dll+0x2dbec4]
V  [jvm.dll+0x801881]
V  [jvm.dll+0x368f81]
V  [jvm.dll+0x7e0cdc]
V  [jvm.dll+0x3eb8bf]
V  [jvm.dll+0x3ed441]
C  [jli.dll+0x5277]
C  [ucrtbase.dll+0x26c0c]
C  [KERNEL32.DLL+0x154e0]
C  [ntdll.dll+0x485b]


---------------  P R O C E S S  ---------------

Threads class SMR info:
_java_thread_list=0x00007ffcff6e5e98, length=0, elements={
}

Java Threads: ( => current thread )

Other Threads:
  0x000001fcbeb9ddb0 GCTaskThread "GC Thread#0" [stack: 0x0000007646700000,0x0000007646800000] [id=15988]
  0x000001fcbebada70 ConcurrentGCThread "G1 Main Marker" [stack: 0x0000007646800000,0x0000007646900000] [id=14804]
  0x000001fcbebafc30 ConcurrentGCThread "G1 Conc#0" [stack: 0x0000007646900000,0x0000007646a00000] [id=25124]

[error occurred during error reporting (printing all threads), id 0xc0000005, EXCEPTION_ACCESS_VIOLATION (0xc0000005) at pc=0x00007ffcfeebb9d7]

VM state: not at safepoint (not fully initialized)

VM Mutex/Monitor currently owned by a thread:  ([mutex/lock_event])
[0x000001fcbeb60c90] Heap_lock - owner thread: 0x000001fcbca5afe0

Heap address: 0x0000000089400000, size: 1900 MB, Compressed Oops mode: 32-bit

CDS archive(s) mapped at: [0x0000000000000000-0x0000000000000000-0x0000000000000000), size 0, SharedBaseAddress: 0x0000000800000000, ArchiveRelocationMode: 0.
Narrow klass base: 0x0000000000000000, Narrow klass shift: 0, Narrow klass range: 0x0

GC Precious Log:
<Empty>

Heap:
 garbage-first heap   total 0K, used 0K [0x0000000089400000, 0x0000000100000000)
  region size 1024K, 0 young (0K), 0 survivors (0K)

[error occurred during error reporting (printing heap information), id 0xc0000005, EXCEPTION_ACCESS_VIOLATION (0xc0000005) at pc=0x00007ffcff29e899]

GC Heap History (0 events):
No events

Deoptimization events (0 events):
No events

Classes unloaded (0 events):
No events

Classes redefined (0 events):
No events

Internal exceptions (0 events):
No events

VM Operations (0 events):
No events

Events (1 events):
Event: 0.005 Loaded shared library C:\Users\abh02\.p2\pool\plugins\org.eclipse.justj.openjdk.hotspot.jre.full.win32.x86_64_17.0.2.v20220201-1208\jre\bin\java.dll


Dynamic libraries:
0x00007ff6de5c0000 - 0x00007ff6de5ce000 	C:\Users\abh02\.p2\pool\plugins\org.eclipse.justj.openjdk.hotspot.jre.full.win32.x86_64_17.0.2.v20220201-1208\jre\bin\javaw.exe
0x00007ffd77d20000 - 0x00007ffd77f29000 	C:\WINDOWS\SYSTEM32\ntdll.dll
0x00007ffd777e0000 - 0x00007ffd7789d000 	C:\WINDOWS\System32\KERNEL32.DLL
0x00007ffd75840000 - 0x00007ffd75bb9000 	C:\WINDOWS\System32\KERNELBASE.dll
0x00007ffd754a0000 - 0x00007ffd755b1000 	C:\WINDOWS\System32\ucrtbase.dll
0x00007ffd5eb70000 - 0x00007ffd5eb88000 	C:\Users\abh02\.p2\pool\plugins\org.eclipse.justj.openjdk.hotspot.jre.full.win32.x86_64_17.0.2.v20220201-1208\jre\bin\jli.dll
0x00007ffd11a80000 - 0x00007ffd11a99000 	C:\Users\abh02\.p2\pool\plugins\org.eclipse.justj.openjdk.hotspot.jre.full.win32.x86_64_17.0.2.v20220201-1208\jre\bin\VCRUNTIME140.dll
0x00007ffd76fd0000 - 0x00007ffd7717c000 	C:\WINDOWS\System32\USER32.dll
0x00007ffd75720000 - 0x00007ffd75746000 	C:\WINDOWS\System32\win32u.dll
0x00007ffd61ed0000 - 0x00007ffd62175000 	C:\WINDOWS\WinSxS\amd64_microsoft.windows.common-controls_6595b64144ccf1df_6.0.22000.120_none_9d947278b86cc467\COMCTL32.dll
0x00007ffd76610000 - 0x00007ffd76639000 	C:\WINDOWS\System32\GDI32.dll
0x00007ffd76c90000 - 0x00007ffd76d33000 	C:\WINDOWS\System32\msvcrt.dll
0x00007ffd75380000 - 0x00007ffd75492000 	C:\WINDOWS\System32\gdi32full.dll
0x00007ffd755c0000 - 0x00007ffd7565d000 	C:\WINDOWS\System32\msvcp_win.dll
0x00007ffd76b60000 - 0x00007ffd76b91000 	C:\WINDOWS\System32\IMM32.DLL
0x00007ffd674f0000 - 0x00007ffd674fc000 	C:\Users\abh02\.p2\pool\plugins\org.eclipse.justj.openjdk.hotspot.jre.full.win32.x86_64_17.0.2.v20220201-1208\jre\bin\vcruntime140_1.dll
0x00007ffd00450000 - 0x00007ffd004e1000 	C:\Users\abh02\.p2\pool\plugins\org.eclipse.justj.openjdk.hotspot.jre.full.win32.x86_64_17.0.2.v20220201-1208\jre\bin\msvcp140.dll
0x00007ffcfebd0000 - 0x00007ffcff817000 	C:\Users\abh02\.p2\pool\plugins\org.eclipse.justj.openjdk.hotspot.jre.full.win32.x86_64_17.0.2.v20220201-1208\jre\bin\server\jvm.dll
0x00007ffd76f10000 - 0x00007ffd76fbe000 	C:\WINDOWS\System32\ADVAPI32.dll
0x00007ffd77bd0000 - 0x00007ffd77c6e000 	C:\WINDOWS\System32\sechost.dll
0x00007ffd76d40000 - 0x00007ffd76e60000 	C:\WINDOWS\System32\RPCRT4.dll
0x00007ffd77b30000 - 0x00007ffd77b38000 	C:\WINDOWS\System32\PSAPI.DLL
0x00007ffd58df0000 - 0x00007ffd58df9000 	C:\WINDOWS\SYSTEM32\WSOCK32.dll
0x00007ffd6cd90000 - 0x00007ffd6cd9a000 	C:\WINDOWS\SYSTEM32\VERSION.dll
0x00007ffd6d720000 - 0x00007ffd6d753000 	C:\WINDOWS\SYSTEM32\WINMM.dll
0x00007ffd77c70000 - 0x00007ffd77cdf000 	C:\WINDOWS\System32\WS2_32.dll
0x00007ffd74310000 - 0x00007ffd74328000 	C:\WINDOWS\SYSTEM32\kernel.appcore.dll
0x00007ffd6d840000 - 0x00007ffd6d84a000 	C:\Users\abh02\.p2\pool\plugins\org.eclipse.justj.openjdk.hotspot.jre.full.win32.x86_64_17.0.2.v20220201-1208\jre\bin\jimage.dll
0x00007ffd652c0000 - 0x00007ffd654e1000 	C:\WINDOWS\SYSTEM32\DBGHELP.DLL
0x00007ffd5b630000 - 0x00007ffd5b661000 	C:\WINDOWS\SYSTEM32\dbgcore.DLL
0x00007ffd75750000 - 0x00007ffd757cf000 	C:\WINDOWS\System32\bcryptPrimitives.dll
0x00007ffd63fa0000 - 0x00007ffd63fc5000 	C:\Users\abh02\.p2\pool\plugins\org.eclipse.justj.openjdk.hotspot.jre.full.win32.x86_64_17.0.2.v20220201-1208\jre\bin\java.dll

dbghelp: loaded successfully - version: 4.0.5 - missing functions: none
symbol engine: initialized successfully - sym options: 0x614 - pdb path: .;C:\Users\abh02\.p2\pool\plugins\org.eclipse.justj.openjdk.hotspot.jre.full.win32.x86_64_17.0.2.v20220201-1208\jre\bin;C:\WINDOWS\SYSTEM32;C:\WINDOWS\WinSxS\amd64_microsoft.windows.common-controls_6595b64144ccf1df_6.0.22000.120_none_9d947278b86cc467;C:\Users\abh02\.p2\pool\plugins\org.eclipse.justj.openjdk.hotspot.jre.full.win32.x86_64_17.0.2.v20220201-1208\jre\bin\server

VM Arguments:
jvm_args: -Dfile.encoding=Cp1252 -XX:+ShowCodeDetailsInExceptionMessages 
java_command: com.cg.placement.client.Client
java_class_path (initial): C:\Users\abh02\eclipse-workspace\Placement2\bin;D:\Hibernate\antlr-2.7.7.jar;D:\Hibernate\byte-buddy-1.8.17.jar;D:\Hibernate\classmate-1.3.4.jar;D:\Hibernate\dom4j-2.1.1.jar;D:\Hibernate\hibernate-commons-annotations-5.0.4.Final.jar;D:\Hibernate\hibernate-core-5.3.7.Final.jar;D:\Hibernate\jandex-2.0.5.Final.jar;D:\Hibernate\javassist-3.23.1-GA.jar;D:\Hibernate\javax.activation-api-1.2.0.jar;D:\Hibernate\javax.persistence-api-2.2.jar;D:\Hibernate\jaxb-api-2.2.jar;D:\Hibernate\jboss-logging-3.3.2.Final.jar;D:\Hibernate\jboss-transaction-api_1.2_spec-1.1.1.Final.jar;D:\Hibernate\jsp-api-2.2.jar;D:\Hibernate\jstl-1.2.jar;D:\Hibernate\mysql-connector-java-8.0.13.jar;D:\Hibernate\protobuf-java-3.6.1.jar;D:\Hibernate\servlet-api-2.5.jar
Launcher Type: SUN_STANDARD

[Global flags]
     intx CICompilerCount                          = 4                                         {product} {ergonomic}
     uint ConcGCThreads                            = 3                                         {product} {ergonomic}
     uint G1ConcRefinementThreads                  = 10                                        {product} {ergonomic}
   size_t G1HeapRegionSize                         = 1048576                                   {product} {ergonomic}
    uintx GCDrainStackTargetSize                   = 64                                        {product} {ergonomic}
   size_t InitialHeapSize                          = 125829120                                 {product} {ergonomic}
   size_t MarkStackSize                            = 4194304                                   {product} {ergonomic}
   size_t MaxHeapSize                              = 1992294400                                {product} {ergonomic}
   size_t MinHeapDeltaBytes                        = 1048576                                   {product} {ergonomic}
   size_t MinHeapSize                              = 8388608                                   {product} {ergonomic}
    uintx NonNMethodCodeHeapSize                   = 5839372                                {pd product} {ergonomic}
    uintx NonProfiledCodeHeapSize                  = 122909434                              {pd product} {ergonomic}
    uintx ProfiledCodeHeapSize                     = 122909434                              {pd product} {ergonomic}
    uintx ReservedCodeCacheSize                    = 251658240                              {pd product} {ergonomic}
     bool SegmentedCodeCache                       = true                                      {product} {ergonomic}
     bool ShowCodeDetailsInExceptionMessages       = true                                   {manageable} {command line}
   size_t SoftMaxHeapSize                          = 1992294400                             {manageable} {ergonomic}
     bool UseCompressedClassPointers               = true                           {product lp64_product} {ergonomic}
     bool UseCompressedOops                        = true                           {product lp64_product} {ergonomic}
     bool UseG1GC                                  = true                                      {product} {ergonomic}
     bool UseLargePagesIndividualAllocation        = false                                  {pd product} {ergonomic}

Logging:
Log output configuration:
 #0: stdout all=warning uptime,level,tags
 #1: stderr all=off uptime,level,tags

Environment Variables:
JAVA_HOME=C:\Program Files\Java\jdk1.8.0_321
PATH=C:/Users/abh02/.p2/pool/plugins/org.eclipse.justj.openjdk.hotspot.jre.full.win32.x86_64_17.0.2.v20220201-1208/jre/bin/server;C:/Users/abh02/.p2/pool/plugins/org.eclipse.justj.openjdk.hotspot.jre.full.win32.x86_64_17.0.2.v20220201-1208/jre/bin;C:\Python310\Scripts\;C:\Python310\;C:\Program Files (x86)\Common Files\Oracle\Java\javapath;C:\Program Files (x86)\NVIDIA Corporation\PhysX\Common;C:\Windows\system32;C:\Windows;C:\Windows\System32\Wbem;C:\Windows\System32\WindowsPowerShell\v1.0\;C:\Windows\System32\OpenSSH\;C:\Program Files\NVIDIA Corporation\NVIDIA NvDLISR;C:\WINDOWS\system32;C:\WINDOWS;C:\WINDOWS\System32\Wbem;C:\WINDOWS\System32\WindowsPowerShell\v1.0\;C:\WINDOWS\System32\OpenSSH\;C:\Program Files (x86)\Windows Kits\8.1\Windows Performance Toolkit\;C:\Program Files\Java\jdk1.8.0_321\bin;D:\node\;C:\ProgramData\chocolatey\bin;C:\Program Files\Git\cmd;C:\Program Files\dotnet\;C:\Program Files\MySQL\MySQL Shell 8.0\bin\;C:\Users\abh02\anaconda3;C:\Users\abh02\anaconda3\Library\mingw-w64\bin;C:\Users\abh02\anaconda3\Library\usr\bin;C:\Users\abh02\anaconda3\Library\bin;C:\Users\abh02\anaconda3\Scripts;C:\Users\abh02\AppData\Local\Microsoft\WindowsApps;C:\Program Files\JetBrains\PyCharm Community Edition 2020.3.3\bin;C:\Users\abh02\AppData\Roaming\npm;C:\Users\abh02\AppData\Local\Programs\Microsoft VS Code\bin;C:\Users\abh02\AppData\Local\atom\bin;C:\Users\abh02\OneDrive\Desktop;
USERNAME=abh02
OS=Windows_NT
PROCESSOR_IDENTIFIER=AMD64 Family 23 Model 96 Stepping 1, AuthenticAMD



---------------  S Y S T E M  ---------------

OS:
 Windows 11 , 64 bit Build 22000 (10.0.22000.675)
OS uptime: 5 days 7:39 hours

CPU: total 12 (initial active 12) (12 cores per cpu, 2 threads per core) family 23 model 96 stepping 1 microcode 0x0, cx8, cmov, fxsr, ht, mmx, 3dnowpref, sse, sse2, sse3, ssse3, sse4a, sse4.1, sse4.2, popcnt, lzcnt, tsc, tscinvbit, avx, avx2, aes, clmul, bmi1, bmi2, adx, sha, fma, vzeroupper, clflush, clflushopt

Memory: 4k page, system-wide physical 7599M (403M free)
TotalPageFile size 31151M (AvailPageFile size 113M)
current process WorkingSet (physical memory assigned to process): 10M, peak: 10M
current process commit charge ("private bytes"): 64M, peak: 184M

vm_info: OpenJDK 64-Bit Server VM (17.0.2+8) for windows-amd64 JRE (17.0.2+8), built on Jan 20 2022 04:52:34 by "" with MS VC++ 16.7 (VS2019)

END.
